  Reading Qt configuration (D:/environment/Qt/5.14.2/5.14.2/msvc2017/bin/qmake)
  Generate moc_predefs.h
D:\Microsoft Visual Studio\MSBuild\Microsoft\VC\v160\Microsoft.CppCommon.targets(234,5): warning MSB8064: 项“debug\moc_predefs.h.cbt”的自定义生成成功，但指定的依赖项“f:\main\project\my_test\loginandsub\debug\moc_predefs.h.cbt”不存在。这可能会导致增量生成无法正常工作。
  Uic'ing mqttwindow.ui...
  Moc'ing mainwindow.h...
  Moc'ing mqttwindow.h...
  Moc'ing myregister.h...
  Moc'ing regsuccess.h...
   moc: Too many input files specified: 'F:\main\project\my_test\LoginAndSub\mqttwindow.ui' 'F:\main\project\my_test\LoginAndSub\myregister.h'
   moc: Too many input files specified: 'F:\main\project\my_test\LoginAndSub\mqttwindow.ui' 'F:\main\project\my_test\LoginAndSub\mqttwindow.h'
   moc: Too many input files specified: 'F:\main\project\my_test\LoginAndSub\mqttwindow.ui' 'F:\main\project\my_test\LoginAndSub\regsuccess.h'
   Usage: D:/environment/Qt/5.14.2/5.14.2/msvc2017/bin/moc [options] [header-file] [@option-file]
   Qt Meta Object Compiler version 67 (Qt 5.14.2)
   Options:
     -?, -h, --help              Displays help on commandline options.
     --help-all                  Displays help including Qt specific options.
     -v, --version               Displays version information.
     -o <file>                   Write output to file rather than stdout.
     -I <dir>                    Add dir to the include path for header files.
     -F <framework>              Add Mac framework to the include path for header
                                 files.
     -E                          Preprocess only; do not generate meta object
                                 code.
     -D <macro[=def]>            Define macro, with optional definition.
     -U <macro>                  Undefine macro.
     -M <key=value>              Add key/value pair to plugin meta data
     --compiler-flavor <flavor>  Set the compiler flavor: either "msvc" or "unix".
     -i                          Do not generate an #include statement.
     -p <path>                   Path prefix for included file.
     -f <file>                   Force #include <file> (overwrite default).
     -b <file>                   Prepend #include <file> (preserve default
                                 include).
     --include <file>            Parse <file> as an #include before the main
                                 source(s).
     -n <which>                  Do not display notes (-nn) or warnings (-nw).
                                 Compatibility option.
     --no-notes                  Do not display notes.
     --no-warnings               Do not display warnings (implies --no-notes).
     --ignore-option-clashes     Ignore all options that conflict with compilers,
                                 like -pthread conflicting with moc's -p option.
   Arguments:
     [header-file]               Header file to read from, otherwise stdin.
     [@option-file]              Read additional options from option-file.
   Usage: D:/environment/Qt/5.14.2/5.14.2/msvc2017/bin/moc [options] [header-file] [@option-file]
   Qt Meta Object Compiler version 67 (Qt 5.14.2)
   Options:
     -?, -h, --help              Displays help on commandline options.
     --help-all                  Displays help including Qt specific options.
     -v, --version               Displays version information.
     -o <file>                   Write output to file rather than stdout.
     -I <dir>                    Add dir to the include path for header files.
     -F <framework>              Add Mac framework to the include path for header
                                 files.
     -E                          Preprocess only; do not generate meta object
   Usage: D:/environment/Qt/5.14.2/5.14.2/msvc2017/bin/moc [options] [header-file] [@option-file]
                                 code.
   Qt Meta Object Compiler version 67 (Qt 5.14.2)
     -D <macro[=def]>            Define macro, with optional definition.
   Options:
     -?, -h, --help              Displays help on commandline options.
     -U <macro>                  Undefine macro.
     -M <key=value>              Add key/value pair to plugin meta data
     --compiler-flavor <flavor>  Set the compiler flavor: either "msvc" or "unix".
     --help-all                  Displays help including Qt specific options.
     -v, --version               Displays version information.
     -o <file>                   Write output to file rather than stdout.
     -I <dir>                    Add dir to the include path for header files.
     -i                          Do not generate an #include statement.
     -p <path>                   Path prefix for included file.
     -F <framework>              Add Mac framework to the include path for header
     -f <file>                   Force #include <file> (overwrite default).
                                 files.
     -b <file>                   Prepend #include <file> (preserve default
     -E                          Preprocess only; do not generate meta object
                                 include).
                                 code.
     --include <file>            Parse <file> as an #include before the main
                                 source(s).
     -D <macro[=def]>            Define macro, with optional definition.
     -n <which>                  Do not display notes (-nn) or warnings (-nw).
     -U <macro>                  Undefine macro.
                                 Compatibility option.
     -M <key=value>              Add key/value pair to plugin meta data
     --compiler-flavor <flavor>  Set the compiler flavor: either "msvc" or "unix".
     --no-notes                  Do not display notes.
     --no-warnings               Do not display warnings (implies --no-notes).
     --ignore-option-clashes     Ignore all options that conflict with compilers,
                                 like -pthread conflicting with moc's -p option.
   Arguments:
     [header-file]               Header file to read from, otherwise stdin.
     [@option-file]              Read additional options from option-file.
     -i                          Do not generate an #include statement.
     -p <path>                   Path prefix for included file.
     -f <file>                   Force #include <file> (overwrite default).
     -b <file>                   Prepend #include <file> (preserve default
                                 include).
     --include <file>            Parse <file> as an #include before the main
                                 source(s).
     -n <which>                  Do not display notes (-nn) or warnings (-nw).
                                 Compatibility option.
     --no-notes                  Do not display notes.
     --no-warnings               Do not display warnings (implies --no-notes).
     --ignore-option-clashes     Ignore all options that conflict with compilers,
                                 like -pthread conflicting with moc's -p option.
   Arguments:
     [header-file]               Header file to read from, otherwise stdin.
     [@option-file]              Read additional options from option-file.
   moc: Too many input files specified: 'F:\main\project\my_test\LoginAndSub\mqttwindow.ui' 'F:\main\project\my_test\LoginAndSub\mainwindow.h'
   Usage: D:/environment/Qt/5.14.2/5.14.2/msvc2017/bin/moc [options] [header-file] [@option-file]
   Qt Meta Object Compiler version 67 (Qt 5.14.2)
   Options:
     -?, -h, --help              Displays help on commandline options.
     --help-all                  Displays help including Qt specific options.
     -v, --version               Displays version information.
     -o <file>                   Write output to file rather than stdout.
     -I <dir>                    Add dir to the include path for header files.
     -F <framework>              Add Mac framework to the include path for header
                                 files.
     -E                          Preprocess only; do not generate meta object
                                 code.
     -D <macro[=def]>            Define macro, with optional definition.
     -U <macro>                  Undefine macro.
     -M <key=value>              Add key/value pair to plugin meta data
     --compiler-flavor <flavor>  Set the compiler flavor: either "msvc" or "unix".
     -i                          Do not generate an #include statement.
     -p <path>                   Path prefix for included file.
     -f <file>                   Force #include <file> (overwrite default).
     -b <file>                   Prepend #include <file> (preserve default
                                 include).
     --include <file>            Parse <file> as an #include before the main
                                 source(s).
     -n <which>                  Do not display notes (-nn) or warnings (-nw).
                                 Compatibility option.
     --no-notes                  Do not display notes.
     --no-warnings               Do not display warnings (implies --no-notes).
     --ignore-option-clashes     Ignore all options that conflict with compilers,
                                 like -pthread conflicting with moc's -p option.
   Arguments:
     [header-file]               Header file to read from, otherwise stdin.
     [@option-file]              Read additional options from option-file.
C:\Users\28217\AppData\Local\QtMsBuild\qt_globals.targets(268,5): error MSB4181: “QtRunWork”任务返回了 false，但未记录错误。
